21:24:42  [main] 	Initializing Control Panel
21:24:42  [main] 	Windows Version:  Home  64-bit
21:24:42  [main] 	XAMPP Version: 8.0.30
21:24:42  [main] 	Control Panel Version: 3.3.0  [ Compiled: Apr 6th 2021 ]
21:24:42  [main] 	Running with Administrator rights - good!
21:24:42  [main] 	XAMPP Installation Directory: "d:\server\"
21:24:42  [main] 	Checking for prerequisites
21:24:42  [main] 	All prerequisites found
21:24:42  [main] 	Initializing Modules
21:24:42  [Apache] 	XAMPP Apache is already running on port 80
21:24:42  [Apache] 	XAMPP Apache is already running on port 443
21:24:42  [mysql] 	XAMPP MySQL is already running on port 3306
21:24:42  [main] 	Starting Check-Timer
21:24:42  [main] 	Control Panel Ready
21:46:42  [Apache] 	Attempting to stop Apache (PID: 7188)
21:46:42  [Apache] 	Attempting to stop Apache (PID: 13296)
21:46:43  [Apache] 	Status change detected: stopped
21:46:44  [mysql] 	Attempting to stop MySQL app...
21:46:44  [mysql] 	Status change detected: stopped
21:46:51  [main] 	Deinitializing Modules
21:46:51  [main] 	Deinitializing Control Panel

08:55:36  [main] 	Initializing Control Panel
08:55:36  [main] 	Windows Version:  Home  64-bit
08:55:36  [main] 	XAMPP Version: 8.0.30
08:55:36  [main] 	Control Panel Version: 3.3.0  [ Compiled: Apr 6th 2021 ]
08:55:36  [main] 	Running with Administrator rights - good!
08:55:36  [main] 	XAMPP Installation Directory: "d:\server\"
08:55:36  [main] 	Checking for prerequisites
08:55:36  [main] 	All prerequisites found
08:55:36  [main] 	Initializing Modules
08:55:36  [main] 	Starting Check-Timer
08:55:36  [main] 	Control Panel Ready
08:55:44  [Apache] 	Attempting to start Apache app...
08:55:44  [Apache] 	Status change detected: running
08:55:46  [mysql] 	Attempting to start MySQL app...
08:55:47  [mysql] 	Status change detected: running
08:55:50  [filezilla] 	Attempting to start FileZilla app...
08:55:50  [filezilla] 	Status change detected: running
08:55:57  [Tomcat] 	Attempting to start Tomcat app...
08:56:06  [Tomcat] 	Status change detected: running
09:08:38  [Tomcat] 	Tomcat Started/Stopped with errors, return code: -1073741510
09:08:38  [Tomcat] 	Make sure you have Java JDK or JRE installed and the required ports are free
09:08:38  [Tomcat] 	Check the "/xampp/tomcat/logs" folder for more information
09:08:38  [Tomcat] 	Status change detected: stopped
09:08:38  [Tomcat] 	Error: Tomcat shutdown unexpectedly.
09:08:38  [Tomcat] 	This may be due to a blocked port, missing dependencies, 
09:08:38  [Tomcat] 	improper privileges, a crash, or a shutdown by another method.
09:08:38  [Tomcat] 	Press the Logs button to view error logs and check
09:08:38  [Tomcat] 	the Windows Event Viewer for more clues
09:08:38  [Tomcat] 	If you need more help, copy and post this
09:08:38  [Tomcat] 	entire log window on the forums
09:08:42  [main] 	Deinitializing Modules
09:08:42  [main] 	Deinitializing Control Panel

06:52:55  [main] 	Initializing Control Panel
06:52:55  [main] 	Windows Version:  Home  64-bit
06:52:55  [main] 	XAMPP Version: 8.0.30
06:52:55  [main] 	Control Panel Version: 3.3.0  [ Compiled: Apr 6th 2021 ]
06:52:55  [main] 	Running with Administrator rights - good!
06:52:55  [main] 	XAMPP Installation Directory: "d:\server\"
06:52:55  [main] 	Checking for prerequisites
06:52:55  [main] 	All prerequisites found
06:52:55  [main] 	Initializing Modules
06:52:55  [main] 	Starting Check-Timer
06:52:55  [main] 	Control Panel Ready
06:53:05  [Apache] 	Attempting to start Apache app...
06:53:05  [Apache] 	Status change detected: running
06:53:11  [mysql] 	Attempting to start MySQL app...
06:53:12  [mysql] 	Status change detected: running
06:53:13  [mysql] 	Status change detected: stopped
06:53:13  [mysql] 	Error: MySQL shutdown unexpectedly.
06:53:13  [mysql] 	This may be due to a blocked port, missing dependencies, 
06:53:13  [mysql] 	improper privileges, a crash, or a shutdown by another method.
06:53:13  [mysql] 	Press the Logs button to view error logs and check
06:53:13  [mysql] 	the Windows Event Viewer for more clues
06:53:13  [mysql] 	If you need more help, copy and post this
06:53:13  [mysql] 	entire log window on the forums
06:53:21  [mysql] 	Attempting to start MySQL app...
06:53:22  [mysql] 	Status change detected: running
06:53:53  [Apache] 	Attempting to stop Apache (PID: 9416)
06:53:53  [Apache] 	Attempting to stop Apache (PID: 9892)
06:53:54  [Apache] 	Status change detected: stopped
06:53:56  [mysql] 	Attempting to stop MySQL app...
06:53:56  [mysql] 	Status change detected: stopped
07:30:57  [Apache] 	Status change detected: running
07:31:02  [mysql] 	Status change detected: running
07:31:05  [filezilla] 	Status change detected: running
07:31:14  [Tomcat] 	Status change detected: running
10:04:16  [Tomcat] 	Status change detected: stopped
10:16:18  [main] 	Deinitializing Modules
10:16:18  [main] 	Deinitializing Control Panel

12:26:52  [main] 	Initializing Control Panel
12:26:52  [main] 	Windows Version:  Home  64-bit
12:26:52  [main] 	XAMPP Version: 8.0.30
12:26:52  [main] 	Control Panel Version: 3.3.0  [ Compiled: Apr 6th 2021 ]
12:26:52  [main] 	Running with Administrator rights - good!
12:26:52  [main] 	XAMPP Installation Directory: "d:\server\"
12:26:52  [main] 	Checking for prerequisites
12:26:54  [main] 	All prerequisites found
12:26:54  [main] 	Initializing Modules
12:26:54  [main] 	Starting Check-Timer
12:26:54  [main] 	Control Panel Ready
12:27:25  [Apache] 	Attempting to start Apache app...
12:27:25  [Apache] 	Status change detected: running
12:27:26  [mysql] 	Attempting to start MySQL app...
12:27:27  [mysql] 	Status change detected: running
12:27:28  [Tomcat] 	Attempting to start Tomcat app...
12:27:28  [mysql] 	Status change detected: stopped
12:27:28  [mysql] 	Error: MySQL shutdown unexpectedly.
12:27:28  [mysql] 	This may be due to a blocked port, missing dependencies, 
12:27:28  [mysql] 	improper privileges, a crash, or a shutdown by another method.
12:27:28  [mysql] 	Press the Logs button to view error logs and check
12:27:28  [mysql] 	the Windows Event Viewer for more clues
12:27:28  [mysql] 	If you need more help, copy and post this
12:27:28  [mysql] 	entire log window on the forums
12:27:32  [mysql] 	Attempting to start MySQL app...
12:27:32  [mysql] 	Status change detected: running
12:27:34  [filezilla] 	Attempting to start FileZilla app...
12:27:35  [filezilla] 	Status change detected: running
12:27:35  [Tomcat] 	Status change detected: running
12:27:36  [Tomcat] 	Attempting to stop Tomcat
12:27:37  [Tomcat] 	Status change detected: stopped
13:00:17  [Apache] 	Attempting to stop Apache (PID: 14992)
13:00:17  [Apache] 	Attempting to stop Apache (PID: 13340)
13:00:17  [Apache] 	Status change detected: stopped
13:00:18  [mysql] 	Attempting to stop MySQL app...
13:00:18  [mysql] 	Status change detected: stopped
13:00:19  [filezilla] 	Attempting to stop FileZilla app...
13:00:20  [filezilla] 	Status change detected: stopped
13:00:47  [main] 	Deinitializing Modules
13:00:47  [main] 	Deinitializing Control Panel

22:03:14  [main] 	Initializing Control Panel
22:03:14  [main] 	Windows Version:  Home  64-bit
22:03:14  [main] 	XAMPP Version: 8.0.30
22:03:14  [main] 	Control Panel Version: 3.3.0  [ Compiled: Apr 6th 2021 ]
22:03:14  [main] 	Running with Administrator rights - good!
22:03:14  [main] 	XAMPP Installation Directory: "d:\server\"
22:03:14  [main] 	Checking for prerequisites
22:03:15  [main] 	All prerequisites found
22:03:15  [main] 	Initializing Modules
22:03:15  [main] 	Starting Check-Timer
22:03:15  [main] 	Control Panel Ready
22:03:17  [Apache] 	Attempting to start Apache app...
22:03:18  [Apache] 	Status change detected: running
22:03:19  [mysql] 	Attempting to start MySQL app...
22:03:20  [mysql] 	Status change detected: running
22:03:21  [filezilla] 	Attempting to start FileZilla app...
22:03:21  [filezilla] 	Status change detected: running
22:06:53  [Apache] 	Status change detected: stopped
22:06:53  [Apache] 	Error: Apache shutdown unexpectedly.
22:06:53  [Apache] 	This may be due to a blocked port, missing dependencies, 
22:06:53  [Apache] 	improper privileges, a crash, or a shutdown by another method.
22:06:53  [Apache] 	Press the Logs button to view error logs and check
22:06:53  [Apache] 	the Windows Event Viewer for more clues
22:06:53  [Apache] 	If you need more help, copy and post this
22:06:53  [Apache] 	entire log window on the forums
22:06:53  [mysql] 	Status change detected: stopped
22:06:53  [mysql] 	Error: MySQL shutdown unexpectedly.
22:06:53  [mysql] 	This may be due to a blocked port, missing dependencies, 
22:06:53  [mysql] 	improper privileges, a crash, or a shutdown by another method.
22:06:53  [mysql] 	Press the Logs button to view error logs and check
22:06:53  [mysql] 	the Windows Event Viewer for more clues
22:06:53  [mysql] 	If you need more help, copy and post this
22:06:53  [mysql] 	entire log window on the forums
22:06:53  [filezilla] 	Status change detected: stopped
22:06:53  [filezilla] 	Error: FileZilla shutdown unexpectedly.
22:06:53  [filezilla] 	This may be due to a blocked port, missing dependencies, 
22:06:53  [filezilla] 	improper privileges, a crash, or a shutdown by another method.
22:06:53  [filezilla] 	Press the Logs button to view error logs and check
22:06:53  [filezilla] 	the Windows Event Viewer for more clues
22:06:53  [filezilla] 	If you need more help, copy and post this
22:06:53  [filezilla] 	entire log window on the forums
22:06:53  [main] 	Deinitializing Modules
22:06:53  [main] 	Deinitializing Control Panel

07:36:46  [main] 	Initializing Control Panel
07:36:46  [main] 	Windows Version:  Home  64-bit
07:36:46  [main] 	XAMPP Version: 8.0.30
07:36:46  [main] 	Control Panel Version: 3.3.0  [ Compiled: Apr 6th 2021 ]
07:36:46  [main] 	Running with Administrator rights - good!
07:36:46  [main] 	XAMPP Installation Directory: "d:\server\"
07:36:46  [main] 	Checking for prerequisites
07:36:48  [main] 	All prerequisites found
07:36:48  [main] 	Initializing Modules
07:36:48  [main] 	Starting Check-Timer
07:36:48  [main] 	Control Panel Ready
07:36:51  [Apache] 	Attempting to start Apache app...
07:36:52  [Apache] 	Status change detected: running
08:13:01  [Apache] 	Attempting to stop Apache (PID: 12496)
08:13:01  [Apache] 	Attempting to stop Apache (PID: 5256)
08:13:01  [Apache] 	Status change detected: stopped
09:09:41  [main] 	Deinitializing Modules
09:09:41  [main] 	Deinitializing Control Panel

08:02:28  [main] 	Initializing Control Panel
08:02:28  [main] 	Windows Version:  Home  64-bit
08:02:28  [main] 	XAMPP Version: 8.0.30
08:02:28  [main] 	Control Panel Version: 3.3.0  [ Compiled: Apr 6th 2021 ]
08:02:28  [main] 	Running with Administrator rights - good!
08:02:28  [main] 	XAMPP Installation Directory: "d:\server\"
08:02:28  [main] 	Checking for prerequisites
08:02:29  [main] 	All prerequisites found
08:02:29  [main] 	Initializing Modules
08:02:29  [main] 	Starting Check-Timer
08:02:29  [main] 	Control Panel Ready
08:02:32  [Apache] 	Attempting to start Apache app...
08:02:33  [Apache] 	Status change detected: running
08:02:34  [mysql] 	Attempting to start MySQL app...
08:02:35  [mysql] 	Status change detected: running
08:02:37  [filezilla] 	Attempting to start FileZilla app...
08:02:37  [filezilla] 	Status change detected: running
10:07:20  [Apache] 	Attempting to stop Apache (PID: 11644)
10:07:20  [Apache] 	Attempting to stop Apache (PID: 13644)
10:07:20  [Apache] 	Status change detected: stopped
10:07:22  [mysql] 	Attempting to stop MySQL app...
10:07:22  [mysql] 	Status change detected: stopped
10:07:23  [filezilla] 	Attempting to stop FileZilla app...
10:07:23  [filezilla] 	Status change detected: stopped
10:11:19  [main] 	Deinitializing Modules
10:11:19  [main] 	Deinitializing Control Panel

21:51:33  [main] 	Initializing Control Panel
21:51:33  [main] 	Windows Version:  Home  64-bit
21:51:33  [main] 	XAMPP Version: 8.0.30
21:51:33  [main] 	Control Panel Version: 3.3.0  [ Compiled: Apr 6th 2021 ]
21:51:33  [main] 	Running with Administrator rights - good!
21:51:33  [main] 	XAMPP Installation Directory: "d:\server\"
21:51:33  [main] 	Checking for prerequisites
21:51:33  [main] 	All prerequisites found
21:51:33  [main] 	Initializing Modules
21:51:33  [main] 	Starting Check-Timer
21:51:33  [main] 	Control Panel Ready
21:51:36  [Apache] 	Attempting to start Apache app...
21:51:36  [Apache] 	Status change detected: running
21:55:10  [mysql] 	Attempting to start MySQL app...
21:55:11  [mysql] 	Status change detected: running
21:55:13  [filezilla] 	Attempting to start FileZilla app...
21:55:13  [filezilla] 	Status change detected: running
21:55:15  [Tomcat] 	Attempting to start Tomcat app...
21:55:22  [Tomcat] 	Status change detected: running
23:35:52  [Apache] 	Attempting to stop Apache (PID: 9224)
23:35:52  [Apache] 	Attempting to stop Apache (PID: 8368)
23:35:52  [Apache] 	Status change detected: stopped
23:35:53  [mysql] 	Attempting to stop MySQL app...
23:35:53  [mysql] 	Status change detected: stopped
23:35:55  [filezilla] 	Attempting to stop FileZilla app...
23:35:56  [filezilla] 	Status change detected: stopped
23:35:56  [Tomcat] 	Attempting to stop Tomcat
23:35:58  [Tomcat] 	Status change detected: stopped
23:36:02  [main] 	Deinitializing Modules
23:36:02  [main] 	Deinitializing Control Panel

09:53:11  [main] 	Initializing Control Panel
09:53:11  [main] 	Windows Version:  Home  64-bit
09:53:11  [main] 	XAMPP Version: 8.0.30
09:53:11  [main] 	Control Panel Version: 3.3.0  [ Compiled: Apr 6th 2021 ]
09:53:11  [main] 	Running with Administrator rights - good!
09:53:11  [main] 	XAMPP Installation Directory: "d:\server\"
09:53:11  [main] 	Checking for prerequisites
09:53:11  [main] 	All prerequisites found
09:53:11  [main] 	Initializing Modules
09:53:11  [main] 	Starting Check-Timer
09:53:11  [main] 	Control Panel Ready
09:53:15  [Apache] 	Attempting to start Apache app...
09:53:15  [Apache] 	Status change detected: running
09:53:17  [mysql] 	Attempting to start MySQL app...
09:53:18  [mysql] 	Status change detected: running
09:53:19  [filezilla] 	Attempting to start FileZilla app...
09:53:20  [filezilla] 	Status change detected: running
09:53:23  [Tomcat] 	Attempting to start Tomcat app...
09:53:30  [Tomcat] 	Status change detected: running
22:16:52  [Tomcat] 	Tomcat Started/Stopped with errors, return code: -1073741510
22:16:52  [Tomcat] 	Make sure you have Java JDK or JRE installed and the required ports are free
22:16:52  [Tomcat] 	Check the "/xampp/tomcat/logs" folder for more information
22:16:53  [Tomcat] 	Status change detected: stopped
22:16:53  [Tomcat] 	Error: Tomcat shutdown unexpectedly.
22:16:53  [Tomcat] 	This may be due to a blocked port, missing dependencies, 
22:16:53  [Tomcat] 	improper privileges, a crash, or a shutdown by another method.
22:16:53  [Tomcat] 	Press the Logs button to view error logs and check
22:16:53  [Tomcat] 	the Windows Event Viewer for more clues
22:16:53  [Tomcat] 	If you need more help, copy and post this
22:16:53  [Tomcat] 	entire log window on the forums
22:16:56  [Apache] 	Attempting to stop Apache (PID: 9988)
22:16:56  [Apache] 	Attempting to stop Apache (PID: 13532)
22:16:57  [Apache] 	Status change detected: stopped
22:16:58  [mysql] 	Attempting to stop MySQL app...
22:16:58  [mysql] 	Status change detected: stopped
22:17:00  [filezilla] 	Attempting to stop FileZilla app...
22:17:00  [filezilla] 	Status change detected: stopped
22:17:05  [main] 	Deinitializing Modules
22:17:05  [main] 	Deinitializing Control Panel

05:06:46  [main] 	Initializing Control Panel
05:06:46  [main] 	Windows Version:  Home  64-bit
05:06:46  [main] 	XAMPP Version: 8.0.30
05:06:46  [main] 	Control Panel Version: 3.3.0  [ Compiled: Apr 6th 2021 ]
05:06:46  [main] 	Running with Administrator rights - good!
05:06:46  [main] 	XAMPP Installation Directory: "d:\server\"
05:06:46  [main] 	Checking for prerequisites
05:06:46  [main] 	All prerequisites found
05:06:46  [main] 	Initializing Modules
05:06:46  [Apache] 	XAMPP Apache is already running on port 80
05:06:46  [Apache] 	XAMPP Apache is already running on port 443
05:06:46  [main] 	Starting Check-Timer
05:06:46  [main] 	Control Panel Ready
05:06:50  [mysql] 	Attempting to start MySQL app...
05:06:50  [mysql] 	Status change detected: running
05:06:55  [mysql] 	Status change detected: stopped
05:06:55  [mysql] 	Error: MySQL shutdown unexpectedly.
05:06:55  [mysql] 	This may be due to a blocked port, missing dependencies, 
05:06:55  [mysql] 	improper privileges, a crash, or a shutdown by another method.
05:06:55  [mysql] 	Press the Logs button to view error logs and check
05:06:55  [mysql] 	the Windows Event Viewer for more clues
05:06:55  [mysql] 	If you need more help, copy and post this
05:06:55  [mysql] 	entire log window on the forums
05:07:01  [mysql] 	Attempting to start MySQL app...
05:07:01  [mysql] 	Status change detected: running
05:07:13  [Tomcat] 	Attempting to start Tomcat app...
05:07:17  [Tomcat] 	Status change detected: running
06:34:22  [Tomcat] 	Tomcat Started/Stopped with errors, return code: -1073741510
06:34:22  [Tomcat] 	Make sure you have Java JDK or JRE installed and the required ports are free
06:34:22  [Tomcat] 	Check the "/xampp/tomcat/logs" folder for more information
06:34:22  [Tomcat] 	Status change detected: stopped
06:34:22  [Tomcat] 	Error: Tomcat shutdown unexpectedly.
06:34:22  [Tomcat] 	This may be due to a blocked port, missing dependencies, 
06:34:22  [Tomcat] 	improper privileges, a crash, or a shutdown by another method.
06:34:22  [Tomcat] 	Press the Logs button to view error logs and check
06:34:22  [Tomcat] 	the Windows Event Viewer for more clues
06:34:22  [Tomcat] 	If you need more help, copy and post this
06:34:22  [Tomcat] 	entire log window on the forums
06:34:28  [Apache] 	Attempting to stop Apache (PID: 15924)
06:34:28  [Apache] 	Attempting to stop Apache (PID: 15984)
06:34:28  [Apache] 	Status change detected: stopped
06:34:29  [mysql] 	Attempting to stop MySQL app...
06:34:29  [mysql] 	Status change detected: stopped
06:34:36  [main] 	Deinitializing Modules
06:34:36  [main] 	Deinitializing Control Panel

13:21:06  [main] 	Initializing Control Panel
13:21:06  [main] 	Windows Version:  Home  64-bit
13:21:06  [main] 	XAMPP Version: 8.0.30
13:21:06  [main] 	Control Panel Version: 3.3.0  [ Compiled: Apr 6th 2021 ]
13:21:06  [main] 	Running with Administrator rights - good!
13:21:06  [main] 	XAMPP Installation Directory: "d:\server\"
13:21:06  [main] 	Checking for prerequisites
13:21:06  [main] 	All prerequisites found
13:21:06  [main] 	Initializing Modules
13:21:06  [main] 	Starting Check-Timer
13:21:06  [main] 	Control Panel Ready
13:21:11  [Apache] 	Attempting to start Apache app...
13:21:11  [Apache] 	Status change detected: running
13:21:12  [mysql] 	Attempting to start MySQL app...
13:21:17  [mysql] 	Status change detected: running
13:21:19  [filezilla] 	Attempting to start FileZilla app...
13:21:19  [filezilla] 	Status change detected: running
13:21:21  [Tomcat] 	Attempting to start Tomcat app...
13:21:36  [Tomcat] 	Status change detected: running
13:32:04  [Tomcat] 	Tomcat Started/Stopped with errors, return code: -1073741510
13:32:04  [Tomcat] 	Make sure you have Java JDK or JRE installed and the required ports are free
13:32:05  [Tomcat] 	Check the "/xampp/tomcat/logs" folder for more information
13:32:05  [Tomcat] 	Status change detected: stopped
13:32:05  [Tomcat] 	Error: Tomcat shutdown unexpectedly.
13:32:05  [Tomcat] 	This may be due to a blocked port, missing dependencies, 
13:32:05  [Tomcat] 	improper privileges, a crash, or a shutdown by another method.
13:32:05  [Tomcat] 	Press the Logs button to view error logs and check
13:32:05  [Tomcat] 	the Windows Event Viewer for more clues
13:32:05  [Tomcat] 	If you need more help, copy and post this
13:32:05  [Tomcat] 	entire log window on the forums
13:32:10  [Apache] 	Attempting to stop Apache (PID: 12652)
13:32:10  [Apache] 	Attempting to stop Apache (PID: 12696)
13:32:10  [Apache] 	Status change detected: stopped
13:32:11  [mysql] 	Attempting to stop MySQL app...
13:32:11  [mysql] 	Status change detected: stopped
13:32:13  [filezilla] 	Attempting to stop FileZilla app...
13:32:14  [filezilla] 	Status change detected: stopped
13:32:29  [main] 	Deinitializing Modules
13:32:29  [main] 	Deinitializing Control Panel

10:10:33  [main] 	Initializing Control Panel
10:10:33  [main] 	Windows Version:  Home  64-bit
10:10:33  [main] 	XAMPP Version: 8.0.30
10:10:33  [main] 	Control Panel Version: 3.3.0  [ Compiled: Apr 6th 2021 ]
10:10:33  [main] 	Running with Administrator rights - good!
10:10:33  [main] 	XAMPP Installation Directory: "d:\server\"
10:10:33  [main] 	Checking for prerequisites
10:10:33  [main] 	All prerequisites found
10:10:33  [main] 	Initializing Modules
10:10:33  [main] 	Starting Check-Timer
10:10:33  [main] 	Control Panel Ready
10:10:35  [Apache] 	Attempting to start Apache app...
10:10:35  [Apache] 	Status change detected: running
10:10:36  [mysql] 	Attempting to start MySQL app...
10:10:37  [mysql] 	Status change detected: running
10:10:45  [filezilla] 	Attempting to start FileZilla app...
10:10:46  [filezilla] 	Status change detected: running
10:10:50  [Tomcat] 	Attempting to start Tomcat app...
10:10:58  [Tomcat] 	Status change detected: running
10:37:46  [Tomcat] 	Tomcat Started/Stopped with errors, return code: -1073741510
10:37:46  [Tomcat] 	Make sure you have Java JDK or JRE installed and the required ports are free
10:37:46  [Tomcat] 	Check the "/xampp/tomcat/logs" folder for more information
10:37:46  [Tomcat] 	Status change detected: stopped
10:37:46  [Tomcat] 	Error: Tomcat shutdown unexpectedly.
10:37:46  [Tomcat] 	This may be due to a blocked port, missing dependencies, 
10:37:46  [Tomcat] 	improper privileges, a crash, or a shutdown by another method.
10:37:46  [Tomcat] 	Press the Logs button to view error logs and check
10:37:46  [Tomcat] 	the Windows Event Viewer for more clues
10:37:46  [Tomcat] 	If you need more help, copy and post this
10:37:46  [Tomcat] 	entire log window on the forums
10:37:54  [main] 	Deinitializing Modules
10:37:54  [main] 	Deinitializing Control Panel

12:24:23  [main] 	Initializing Control Panel
12:24:23  [main] 	Windows Version:  Home  64-bit
12:24:23  [main] 	XAMPP Version: 8.0.30
12:24:23  [main] 	Control Panel Version: 3.3.0  [ Compiled: Apr 6th 2021 ]
12:24:23  [main] 	Running with Administrator rights - good!
12:24:23  [main] 	XAMPP Installation Directory: "d:\server\"
12:24:23  [main] 	Checking for prerequisites
12:24:25  [main] 	All prerequisites found
12:24:25  [main] 	Initializing Modules
12:24:25  [main] 	Starting Check-Timer
12:24:25  [main] 	Control Panel Ready
12:24:29  [Apache] 	Attempting to start Apache app...
12:24:29  [Apache] 	Status change detected: running
12:24:30  [mysql] 	Attempting to start MySQL app...
12:24:34  [filezilla] 	Attempting to start FileZilla app...
12:24:34  [Tomcat] 	Attempting to start Tomcat app...
12:24:34  [mysql] 	Status change detected: running
12:24:34  [filezilla] 	Status change detected: running
12:24:36  [mysql] 	Status change detected: stopped
12:24:36  [mysql] 	Error: MySQL shutdown unexpectedly.
12:24:36  [mysql] 	This may be due to a blocked port, missing dependencies, 
12:24:36  [mysql] 	improper privileges, a crash, or a shutdown by another method.
12:24:36  [mysql] 	Press the Logs button to view error logs and check
12:24:36  [mysql] 	the Windows Event Viewer for more clues
12:24:36  [mysql] 	If you need more help, copy and post this
12:24:36  [mysql] 	entire log window on the forums
12:24:46  [Tomcat] 	Status change detected: running
12:25:47  [mysql] 	Attempting to start MySQL app...
12:25:47  [mysql] 	Status change detected: running
12:25:48  [mysql] 	Status change detected: stopped
12:25:48  [mysql] 	Error: MySQL shutdown unexpectedly.
12:25:48  [mysql] 	This may be due to a blocked port, missing dependencies, 
12:25:48  [mysql] 	improper privileges, a crash, or a shutdown by another method.
12:25:48  [mysql] 	Press the Logs button to view error logs and check
12:25:48  [mysql] 	the Windows Event Viewer for more clues
12:25:48  [mysql] 	If you need more help, copy and post this
12:25:48  [mysql] 	entire log window on the forums
12:25:51  [mysql] 	Attempting to start MySQL app...
12:25:51  [mysql] 	Status change detected: running
13:20:17  [Tomcat] 	Tomcat Started/Stopped with errors, return code: -1073741510
13:20:17  [Tomcat] 	Make sure you have Java JDK or JRE installed and the required ports are free
13:20:17  [Tomcat] 	Check the "/xampp/tomcat/logs" folder for more information
13:20:17  [Tomcat] 	Status change detected: stopped
13:20:17  [Tomcat] 	Error: Tomcat shutdown unexpectedly.
13:20:17  [Tomcat] 	This may be due to a blocked port, missing dependencies, 
13:20:17  [Tomcat] 	improper privileges, a crash, or a shutdown by another method.
13:20:17  [Tomcat] 	Press the Logs button to view error logs and check
13:20:17  [Tomcat] 	the Windows Event Viewer for more clues
13:20:17  [Tomcat] 	If you need more help, copy and post this
13:20:17  [Tomcat] 	entire log window on the forums
13:34:47  [main] 	Deinitializing Modules
13:34:47  [main] 	Deinitializing Control Panel

12:03:01  [main] 	Initializing Control Panel
12:03:01  [main] 	Windows Version:  Home  64-bit
12:03:01  [main] 	XAMPP Version: 8.0.30
12:03:01  [main] 	Control Panel Version: 3.3.0  [ Compiled: Apr 6th 2021 ]
12:03:01  [main] 	You are not running with administrator rights! This will work for
12:03:01  [main] 	most application stuff but whenever you do something with services
12:03:01  [main] 	there will be a security dialogue or things will break! So think 
12:03:01  [main] 	about running this application with administrator rights!
12:03:01  [main] 	XAMPP Installation Directory: "d:\server\"
12:03:01  [main] 	Checking for prerequisites
12:03:04  [main] 	All prerequisites found
12:03:04  [main] 	Initializing Modules
12:03:04  [main] 	Starting Check-Timer
12:03:04  [main] 	Control Panel Ready
12:03:06  [Apache] 	Attempting to start Apache app...
12:03:07  [Apache] 	Status change detected: running
12:03:09  [mysql] 	Attempting to start MySQL app...
12:03:12  [mysql] 	Status change detected: running
17:47:51  [main] 	Deinitializing Modules
17:47:51  [main] 	Deinitializing Control Panel

